# JRE version: Java(TM) SE Runtime Environment (8.0_111-b14) (build 1.8.0_111-b14)
# Java VM: Java HotSpot(TM) 64-Bit Server VM (25.111-b14 mixed mode bsd-amd64 compressed oops)
Heap:
 PSYoungGen      total 628224K, used 0K [0x0000000795580000, 0x00000007bc980000, 0x00000007c0000000)
  eden space 615424K, 0% used [0x0000000795580000,0x0000000795580020,0x00000007bae80000)
  from space 12800K, 0% used [0x00000007bae80000,0x00000007bae80000,0x00000007bbb00000)
  to   space 13312K, 0% used [0x00000007bbc80000,0x00000007bbc80000,0x00000007bc980000)
 ParOldGen       total 147456K, used 45185K [0x0000000740000000, 0x0000000749000000, 0x0000000795580000)
  object space 147456K, 30% used [0x0000000740000000,0x0000000742c204a8,0x0000000749000000)
 Metaspace       used 37810K, capacity 39732K, committed 43008K, reserved 1085440K
  class space    used 5055K, capacity 5537K, committed 6656K, reserved 1048576K
GC Heap History (10 events):
Event: 4992.886 GC heap before
{Heap before GC invocations=1579 (full 406):
 PSYoungGen      total 618496K, used 1641K [0x0000000795580000, 0x00000007bc680000, 0x00000007c0000000)
  eden space 616448K, 0% used [0x0000000795580000,0x0000000795580000,0x00000007baf80000)
  from space 2048K, 80% used [0x00000007baf80000,0x00000007bb11a650,0x00000007bb180000)
  to   space 11776K, 0% used [0x00000007bbb00000,0x00000007bbb00000,0x00000007bc680000)
 ParOldGen       total 147456K, used 52807K [0x0000000740000000, 0x0000000749000000, 0x0000000795580000)
  object space 147456K, 35% used [0x0000000740000000,0x0000000743391fa0,0x0000000749000000)
 Metaspace       used 38940K, capacity 41702K, committed 43008K, reserved 1085440K
  class space    used 5278K, capacity 6166K, committed 6656K, reserved 1048576K
Event: 4992.954 GC heap after
Heap after GC invocations=1579 (full 406):
 PSYoungGen      total 618496K, used 0K [0x0000000795580000, 0x00000007bc680000, 0x00000007c0000000)
  eden space 616448K, 0% used [0x0000000795580000,0x0000000795580000,0x00000007baf80000)
  from space 2048K, 0% used [0x00000007baf80000,0x00000007baf80000,0x00000007bb180000)
  to   space 11776K, 0% used [0x00000007bbb00000,0x00000007bbb00000,0x00000007bc680000)
 ParOldGen       total 147456K, used 46677K [0x0000000740000000, 0x0000000749000000, 0x0000000795580000)
  object space 147456K, 31% used [0x0000000740000000,0x0000000742d955a0,0x0000000749000000)
 Metaspace       used 38940K, capacity 41702K, committed 43008K, reserved 1085440K
  class space    used 5278K, capacity 6166K, committed 6656K, reserved 1048576K
}
Event: 8592.964 GC heap before
{Heap before GC invocations=1580 (full 406):
 PSYoungGen      total 618496K, used 54669K [0x0000000795580000, 0x00000007bc680000, 0x00000007c0000000)
  eden space 616448K, 8% used [0x0000000795580000,0x0000000798ae3410,0x00000007baf80000)
  from space 2048K, 0% used [0x00000007baf80000,0x00000007baf80000,0x00000007bb180000)
  to   space 11776K, 0% used [0x00000007bbb00000,0x00000007bbb00000,0x00000007bc680000)
 ParOldGen       total 147456K, used 46677K [0x0000000740000000, 0x0000000749000000, 0x0000000795580000)
  object space 147456K, 31% used [0x0000000740000000,0x0000000742d955a0,0x0000000749000000)
 Metaspace       used 39013K, capacity 41822K, committed 43008K, reserved 1085440K
  class space    used 5294K, capacity 6206K, committed 6656K, reserved 1048576K
Event: 8592.979 GC heap after
Heap after GC invocations=1580 (full 406):
 PSYoungGen      total 627200K, used 7838K [0x0000000795580000, 0x00000007bc880000, 0x00000007c0000000)
  eden space 615424K, 0% used [0x0000000795580000,0x0000000795580000,0x00000007bae80000)
  from space 11776K, 66% used [0x00000007bbb00000,0x00000007bc2a78e0,0x00000007bc680000)
  to   space 12800K, 0% used [0x00000007bae80000,0x00000007bae80000,0x00000007bbb00000)
 ParOldGen       total 147456K, used 46677K [0x0000000740000000, 0x0000000749000000, 0x0000000795580000)
  object space 147456K, 31% used [0x0000000740000000,0x0000000742d955a0,0x0000000749000000)
 Metaspace       used 39013K, capacity 41822K, committed 43008K, reserved 1085440K
  class space    used 5294K, capacity 6206K, committed 6656K, reserved 1048576K
}
Event: 8592.979 GC heap before
{Heap before GC invocations=1581 (full 407):
 PSYoungGen      total 627200K, used 7838K [0x0000000795580000, 0x00000007bc880000, 0x00000007c0000000)
  eden space 615424K, 0% used [0x0000000795580000,0x0000000795580000,0x00000007bae80000)
  from space 11776K, 66% used [0x00000007bbb00000,0x00000007bc2a78e0,0x00000007bc680000)
  to   space 12800K, 0% used [0x00000007bae80000,0x00000007bae80000,0x00000007bbb00000)
 ParOldGen       total 147456K, used 46677K [0x0000000740000000, 0x0000000749000000, 0x0000000795580000)
  object space 147456K, 31% used [0x0000000740000000,0x0000000742d955a0,0x0000000749000000)
 Metaspace       used 39013K, capacity 41822K, committed 43008K, reserved 1085440K
  class space    used 5294K, capacity 6206K, committed 6656K, reserved 1048576K
Event: 8593.127 GC heap after
Heap after GC invocations=1581 (full 407):
 PSYoungGen      total 627200K, used 0K [0x0000000795580000, 0x00000007bc880000, 0x00000007c0000000)
  eden space 615424K, 0% used [0x0000000795580000,0x0000000795580000,0x00000007bae80000)
  from space 11776K, 0% used [0x00000007bbb00000,0x00000007bbb00000,0x00000007bc680000)
  to   space 12800K, 0% used [0x00000007bae80000,0x00000007bae80000,0x00000007bbb00000)
 ParOldGen       total 147456K, used 39725K [0x0000000740000000, 0x0000000749000000, 0x0000000795580000)
  object space 147456K, 26% used [0x0000000740000000,0x00000007426cb688,0x0000000749000000)
 Metaspace       used 37785K, capacity 39732K, committed 43008K, reserved 1085440K
  class space    used 5055K, capacity 5537K, committed 6656K, reserved 1048576K
}
Event: 11121.723 GC heap before
{Heap before GC invocations=1582 (full 407):
 PSYoungGen      total 627200K, used 58761K [0x0000000795580000, 0x00000007bc880000, 0x00000007c0000000)
  eden space 615424K, 9% used [0x0000000795580000,0x0000000798ee2698,0x00000007bae80000)
  from space 11776K, 0% used [0x00000007bbb00000,0x00000007bbb00000,0x00000007bc680000)
  to   space 12800K, 0% used [0x00000007bae80000,0x00000007bae80000,0x00000007bbb00000)
 ParOldGen       total 147456K, used 39725K [0x0000000740000000, 0x0000000749000000, 0x0000000795580000)
  object space 147456K, 26% used [0x0000000740000000,0x00000007426cb688,0x0000000749000000)
 Metaspace       used 37848K, capacity 39792K, committed 43008K, reserved 1085440K
  class space    used 5060K, capacity 5547K, committed 6656K, reserved 1048576K
Event: 11121.757 GC heap after
Heap after GC invocations=1582 (full 407):
 PSYoungGen      total 628224K, used 7027K [0x0000000795580000, 0x00000007bc980000, 0x00000007c0000000)
  eden space 615424K, 0% used [0x0000000795580000,0x0000000795580000,0x00000007bae80000)
  from space 12800K, 54% used [0x00000007bae80000,0x00000007bb55cc80,0x00000007bbb00000)
  to   space 13312K, 0% used [0x00000007bbc80000,0x00000007bbc80000,0x00000007bc980000)
 ParOldGen       total 147456K, used 39733K [0x0000000740000000, 0x0000000749000000, 0x0000000795580000)
  object space 147456K, 26% used [0x0000000740000000,0x00000007426cd688,0x0000000749000000)
 Metaspace       used 37848K, capacity 39792K, committed 43008K, reserved 1085440K
  class space    used 5060K, capacity 5547K, committed 6656K, reserved 1048576K
}
Event: 11121.757 GC heap before
{Heap before GC invocations=1583 (full 408):
 PSYoungGen      total 628224K, used 7027K [0x0000000795580000, 0x00000007bc980000, 0x00000007c0000000)
  eden space 615424K, 0% used [0x0000000795580000,0x0000000795580000,0x00000007bae80000)
  from space 12800K, 54% used [0x00000007bae80000,0x00000007bb55cc80,0x00000007bbb00000)
  to   space 13312K, 0% used [0x00000007bbc80000,0x00000007bbc80000,0x00000007bc980000)
 ParOldGen       total 147456K, used 39733K [0x0000000740000000, 0x0000000749000000, 0x0000000795580000)
  object space 147456K, 26% used [0x0000000740000000,0x00000007426cd688,0x0000000749000000)
 Metaspace       used 37848K, capacity 39792K, committed 43008K, reserved 1085440K
  class space    used 5060K, capacity 5547K, committed 6656K, reserved 1048576K
Event: 11122.015 GC heap after
Heap after GC invocations=1583 (full 408):
 PSYoungGen      total 628224K, used 0K [0x0000000795580000, 0x00000007bc980000, 0x00000007c0000000)
  eden space 615424K, 0% used [0x0000000795580000,0x0000000795580000,0x00000007bae80000)
  from space 12800K, 0% used [0x00000007bae80000,0x00000007bae80000,0x00000007bbb00000)
  to   space 13312K, 0% used [0x00000007bbc80000,0x00000007bbc80000,0x00000007bc980000)
 ParOldGen       total 147456K, used 45185K [0x0000000740000000, 0x0000000749000000, 0x0000000795580000)
  object space 147456K, 30% used [0x0000000740000000,0x0000000742c204a8,0x0000000749000000)
 Metaspace       used 37810K, capacity 39732K, committed 43008K, reserved 1085440K
  class space    used 5055K, capacity 5537K, committed 6656K, reserved 1048576K
}

